#
# A fatal error has been detected by the Java Runtime Environment:
#
#  SIGSEGV (0xb) at pc=0x0000000109f82884, pid=14897, tid=15879
#
# JRE version: Java(TM) SE Runtime Environment (8.0_77-b03) (build 1.8.0_77-b03)
# Java VM: Java HotSpot(TM) 64-Bit Server VM (25.77-b03 mixed mode bsd-amd64 compressed oops)
# Problematic frame:
# V  [libjvm.dylib+0x382884]  JvmtiEnv::GetClassMethods(oopDesc*, int*, _jmethodID***)+0x122
#
# Failed to write core dump. Core dumps have been disabled. To enable core dumping, try "ulimit -c unlimited" before starting Java again
#
# If you would like to submit a bug report, please visit:
#   http://bugreport.java.com/bugreport/crash.jsp
#

---------------  T H R E A D  ---------------

Current thread (0x00007fd89380a000):  JavaThread "JDWP Transport Listener: dt_socket" daemon [_thread_in_vm, id=15879, stack(0x000070000ce85000,0x000070000cf85000)]

siginfo: si_signo: 11 (SIGSEGV), si_code: 1 (SEGV_MAPERR), si_addr: 0x00007fd8f4402690

Registers:
RAX=0x00007fd88f52a468, RBX=0x00000007c0060028, RCX=0x0000000000000001, RDX=0x00007fd890901ab0
RSP=0x000070000cf84970, RBP=0x000070000cf849f0, RSI=0x0000000000000000, RDI=0x00007fd890900b50
R8 =0x000070000cf848b8, R9 =0x000070000cf848b0, R10=0x00007fd88f52ab50, R11=0x0000000000000003
R12=0x0000000000000007, R13=0x000000000c9db080, R14=0x0000000000000008, R15=0x00007fd88f52a290
RIP=0x0000000109f82884, EFLAGS=0x0000000000010202, ERR=0x0000000000000006
  TRAPNO=0x000000000000000e

Top of Stack: (sp=0x000070000cf84970)
0x000070000cf84970:   000070000cf84980 0000000000000008
0x000070000cf84980:   000070000cf84a84 000070000cf84a78
0x000070000cf84990:   00007fd89380a000 00007fd890900b10
0x000070000cf849a0:   00007fd8909019c0 00007fd8909019d0
0x000070000cf849b0:   00007fd890901aa8 00000000000000d8
0x000070000cf849c0:   000070000cf84db0 000070000cf84a78
0x000070000cf849d0:   00007fd88f400690 00007fd89380a000
0x000070000cf849e0:   000070000cf84a84 000000076ab729c8
0x000070000cf849f0:   000070000cf84a60 0000000109f571ef
0x000070000cf84a00:   00007fd89380a000 00007fd89380a000
0x000070000cf84a10:   0000000000000000 0000700000000000
0x000070000cf84a20:   0000000000000000 00007fd89380a000
0x000070000cf84a30:   00007fd89380a000 0000000000000001
0x000070000cf84a40:   00007fd890a095a8 00007fd890a1bdb0
0x000070000cf84a50:   000070000cf84b08 000070000cf84c90
0x000070000cf84a60:   000070000cf84ad0 000000010abd8195
0x000070000cf84a70:   000070000cf84aa0 0000000000000000
0x000070000cf84a80:   0000000000000032 000070000cf84b08
0x000070000cf84a90:   000070000cf84b08 000000010ac06598
0x000070000cf84aa0:   000070000cf84ac0 000070000cf84c90
0x000070000cf84ab0:   000000010abfae7a 00007fd890a1bdb0
0x000070000cf84ac0:   000070000cf84b08 000000010ac06598
0x000070000cf84ad0:   000070000cf84ae0 000000010abd82ec
0x000070000cf84ae0:   000070000cf84d00 000000010abe1898
0x000070000cf84af0:   0000009900000013 00000000000f0200
0x000070000cf84b00:   00007fd890a1b530 000070000cf84b58
0x000070000cf84b10:   000000000000012c 000070000cf84b20
0x000070000cf84b20:   0000010000000000 000070000cf84b58
0x000070000cf84b30:   0000000000000000 00007f0000000000
0x000070000cf84b40:   000000990000001c 00007fd800001d80
0x000070000cf84b50:   000070000cf84b58 0000000101000000
0x000070000cf84b60:   0000000e00000000 0000000003000007 

Instructions: (pc=0x0000000109f82884)
0x0000000109f82864:   45 31 e4 48 8b 83 80 01 00 00 48 8b 8b a0 01 00
0x0000000109f82874:   00 4e 63 6c a1 04 4a 8b 7c e0 08 e8 8c ff f9 ff
0x0000000109f82884:   4b 89 04 ef 49 ff c4 4d 39 e6 75 d7 48 8b 45 88
0x0000000109f82894:   48 8b 55 90 89 02 48 8b 4d 98 4c 89 39 31 db 48 

Register to memory mapping:

RAX=0x00007fd88f52a468 is an unknown value
RBX=0x00000007c0060028 is pointing into metadata
RCX=0x0000000000000001 is an unknown value
RDX=0x00007fd890901ab0 is an unknown value
RSP=0x000070000cf84970 is pointing into the stack for thread: 0x00007fd89380a000
RBP=0x000070000cf849f0 is pointing into the stack for thread: 0x00007fd89380a000
RSI=0x0000000000000000 is an unknown value
RDI=0x00007fd890900b50 is an unknown value
R8 =0x000070000cf848b8 is pointing into the stack for thread: 0x00007fd89380a000
R9 =0x000070000cf848b0 is pointing into the stack for thread: 0x00007fd89380a000
R10=0x00007fd88f52ab50 is an unknown value
R11=0x0000000000000003 is an unknown value
R12=0x0000000000000007 is an unknown value
R13=0x000000000c9db080 is an unknown value
R14=0x0000000000000008 is an unknown value
R15=0x00007fd88f52a290 is an unknown value


Stack: [0x000070000ce85000,0x000070000cf85000],  sp=0x000070000cf84970,  free space=1022k
Native frames: (J=compiled Java code, j=interpreted, Vv=VM code, C=native code)
V  [libjvm.dylib+0x382884]  JvmtiEnv::GetClassMethods(oopDesc*, int*, _jmethodID***)+0x122
V  [libjvm.dylib+0x3571ef]  jvmti_GetClassMethods+0x130
C  [libjdwp.dylib+0x5195]  methods1+0xad
C  [libjdwp.dylib+0x52ec]  methodsWithGeneric+0xe
C  [libjdwp.dylib+0xe898]  debugLoop_run+0x1ce
C  [libjdwp.dylib+0x1f6ba]  attachThread+0x4d
V  [libjvm.dylib+0x39665c]  JvmtiAgentThread::call_start_function()+0x38
V  [libjvm.dylib+0x560e03]  JavaThread::thread_main_inner()+0x9b
V  [libjvm.dylib+0x5624fe]  JavaThread::run()+0x1c2
V  [libjvm.dylib+0x482eda]  java_start(Thread*)+0xf6
C  [libsystem_pthread.dylib+0x36c1]  _pthread_body+0x154
C  [libsystem_pthread.dylib+0x356d]  _pthread_body+0x0
C  [libsystem_pthread.dylib+0x2c5d]  thread_start+0xd
C  0x0000000000000000


---------------  P R O C E S S  ---------------

Java Threads: ( => current thread )
  0x00007fd893815800 JavaThread "Service Thread" daemon [_thread_blocked, id=22531, stack(0x000070000d59a000,0x000070000d69a000)]
  0x00007fd893004000 JavaThread "C1 CompilerThread3" daemon [_thread_blocked, id=22275, stack(0x000070000d497000,0x000070000d597000)]
  0x00007fd893003000 JavaThread "C2 CompilerThread2" daemon [_thread_blocked, id=21763, stack(0x000070000d394000,0x000070000d494000)]
  0x00007fd890040800 JavaThread "C2 CompilerThread1" daemon [_thread_blocked, id=17155, stack(0x000070000d291000,0x000070000d391000)]
  0x00007fd890040000 JavaThread "C2 CompilerThread0" daemon [_thread_blocked, id=17667, stack(0x000070000d18e000,0x000070000d28e000)]
  0x00007fd893002800 JavaThread "JDWP Command Reader" daemon [_thread_in_native, id=16643, stack(0x000070000d08b000,0x000070000d18b000)]
  0x00007fd89200f000 JavaThread "JDWP Event Helper Thread" daemon [_thread_blocked, id=18179, stack(0x000070000cf88000,0x000070000d088000)]
=>0x00007fd89380a000 JavaThread "JDWP Transport Listener: dt_socket" daemon [_thread_in_vm, id=15879, stack(0x000070000ce85000,0x000070000cf85000)]
  0x00007fd88f819000 JavaThread "Signal Dispatcher" daemon [_thread_blocked, id=18435, stack(0x000070000cd82000,0x000070000ce82000)]
  0x00007fd88f803000 JavaThread "Finalizer" daemon [_thread_blocked, id=13059, stack(0x000070000cc7f000,0x000070000cd7f000)]
  0x00007fd890039800 JavaThread "Reference Handler" daemon [_thread_blocked, id=12547, stack(0x000070000cb7c000,0x000070000cc7c000)]
  0x00007fd88f808800 JavaThread "main" [_thread_in_native, id=9475, stack(0x000070000c15e000,0x000070000c25e000)]

Other Threads:
  0x00007fd89181f800 VMThread [stack: 0x000070000ca79000,0x000070000cb79000] [id=19715]
  0x00007fd890072800 WatcherThread [stack: 0x000070000d69d000,0x000070000d79d000] [id=42755]

VM state:not at safepoint (normal execution)

VM Mutex/Monitor currently owned by a thread: None

Heap:
 PSYoungGen      total 76288K, used 3932K [0x000000076ab00000, 0x0000000770000000, 0x00000007c0000000)
  eden space 65536K, 6% used [0x000000076ab00000,0x000000076aed70e0,0x000000076eb00000)
  from space 10752K, 0% used [0x000000076f580000,0x000000076f580000,0x0000000770000000)
  to   space 10752K, 0% used [0x000000076eb00000,0x000000076eb00000,0x000000076f580000)
 ParOldGen       total 175104K, used 0K [0x00000006c0000000, 0x00000006cab00000, 0x000000076ab00000)
  object space 175104K, 0% used [0x00000006c0000000,0x00000006c0000000,0x00000006cab00000)
 Metaspace       used 3526K, capacity 4728K, committed 4864K, reserved 1056768K
  class space    used 391K, capacity 424K, committed 512K, reserved 1048576K

Card table byte_map: [0x000000010b034000,0x000000010b835000] byte_map_base: 0x0000000107a34000

Marking Bits: (ParMarkBitMap*) 0x000000010a4e3ea0
 Begin Bits: [0x0000000121169000, 0x0000000125169000)
 End Bits:   [0x0000000125169000, 0x0000000129169000)

Polling page: 0x000000010abd2000

CodeCache: size=245760Kb used=1132Kb max_used=1132Kb free=244627Kb
 bounds [0x0000000112169000, 0x00000001123d9000, 0x0000000121169000]
 total_blobs=269 nmethods=37 adapters=154
 compilation: enabled

Compilation events (10 events):
Event: 0.601 Thread 0x00007fd893004000   34       3       java.util.HashMap::afterNodeInsertion (1 bytes)
Event: 0.601 Thread 0x00007fd893004000 nmethod 34 0x00000001122805d0 code [0x0000000112280720, 0x0000000112280870]
Event: 0.601 Thread 0x00007fd893004000   35       3       java.util.HashMap::putVal (300 bytes)
Event: 0.602 Thread 0x00007fd893004000 nmethod 35 0x00000001122808d0 code [0x0000000112280b40, 0x0000000112281e78]
Event: 0.602 Thread 0x00007fd893004000   37       3       java.lang.String::startsWith (72 bytes)
Event: 0.602 Thread 0x00007fd893004000 nmethod 37 0x0000000112282610 code [0x0000000112282780, 0x0000000112282ad0]
Event: 0.602 Thread 0x00007fd893004000   33       3       java.lang.String::substring (79 bytes)
Event: 0.603 Thread 0x00007fd893004000 nmethod 33 0x0000000112282cd0 code [0x0000000112282ea0, 0x0000000112283398]
Event: 0.603 Thread 0x00007fd893004000   36       3       java.lang.String::startsWith (7 bytes)
Event: 0.603 Thread 0x00007fd893004000 nmethod 36 0x0000000112283a90 code [0x0000000112283c00, 0x0000000112283e28]

GC Heap History (0 events):
No events

Deoptimization events (0 events):
No events

Internal exceptions (6 events):
Event: 0.094 Thread 0x00007fd88f808800 Exception <a 'java/lang/NoSuchMethodError': Method sun.misc.Unsafe.defineClass(Ljava/lang/String;[BII)Ljava/lang/Class; name or signature does not match> (0x000000076ab07cc0) thrown at [/Users/java_re/workspace/8-2-build-macosx-x86_64/jdk8u77/6540/hotspot
Event: 0.094 Thread 0x00007fd88f808800 Exception <a 'java/lang/NoSuchMethodError': Method sun.misc.Unsafe.prefetchRead(Ljava/lang/Object;J)V name or signature does not match> (0x000000076ab07fa8) thrown at [/Users/java_re/workspace/8-2-build-macosx-x86_64/jdk8u77/6540/hotspot/src/share/vm/prim
Event: 0.593 Thread 0x00007fd88f808800 Exception <a 'java/security/PrivilegedActionException'> (0x000000076ab9bb08) thrown at [/Users/java_re/workspace/8-2-build-macosx-x86_64/jdk8u77/6540/hotspot/src/share/vm/prims/jvm.cpp, line 1386]
Event: 0.593 Thread 0x00007fd88f808800 Exception <a 'java/security/PrivilegedActionException'> (0x000000076ab9bf00) thrown at [/Users/java_re/workspace/8-2-build-macosx-x86_64/jdk8u77/6540/hotspot/src/share/vm/prims/jvm.cpp, line 1386]
Event: 0.593 Thread 0x00007fd88f808800 Exception <a 'java/security/PrivilegedActionException'> (0x000000076ab9f388) thrown at [/Users/java_re/workspace/8-2-build-macosx-x86_64/jdk8u77/6540/hotspot/src/share/vm/prims/jvm.cpp, line 1386]
Event: 0.593 Thread 0x00007fd88f808800 Exception <a 'java/security/PrivilegedActionException'> (0x000000076ab9f780) thrown at [/Users/java_re/workspace/8-2-build-macosx-x86_64/jdk8u77/6540/hotspot/src/share/vm/prims/jvm.cpp, line 1386]

Events (10 events):
Event: 39125.486 Executing VM operation: RedefineClasses
Event: 39125.487 Executing VM operation: RedefineClasses done
Event: 39170.450 Executing VM operation: RedefineClasses
Event: 39170.451 Executing VM operation: RedefineClasses done
Event: 40394.439 Executing VM operation: RedefineClasses
Event: 40394.439 Executing VM operation: RedefineClasses done
Event: 40469.353 Executing VM operation: RedefineClasses
Event: 40469.353 Executing VM operation: RedefineClasses done
Event: 40476.508 Executing VM operation: RedefineClasses
Event: 40476.508 Executing VM operation: RedefineClasses done


Dynamic libraries:
0x0000000025fa1000 	/System/Library/Frameworks/Cocoa.framework/Versions/A/Cocoa
0x0000000025fa1000 	/System/Library/Frameworks/Security.framework/Versions/A/Security
0x0000000025fa1000 	/System/Library/Frameworks/ApplicationServices.framework/Versions/A/ApplicationServices
0x0000000025fa1000 	/usr/lib/libz.1.dylib
0x0000000025fa1000 	/usr/lib/libSystem.B.dylib
0x0000000025fa1000 	/usr/lib/libobjc.A.dylib
0x0000000025fa1000 	/System/Library/Frameworks/CoreFoundation.framework/Versions/A/CoreFoundation
0x0000000025fa1000 	/System/Library/Frameworks/Foundation.framework/Versions/C/Foundation
0x0000000025fa1000 	/System/Library/Frameworks/AppKit.framework/Versions/C/AppKit
0x0000000025fa1000 	/System/Library/Frameworks/CoreData.framework/Versions/A/CoreData
0x0000000025fa1000 	/System/Library/PrivateFrameworks/RemoteViewServices.framework/Versions/A/RemoteViewServices
0x0000000025fa1000 	/System/Library/PrivateFrameworks/UIFoundation.framework/Versions/A/UIFoundation
0x0000000025fa1000 	/System/Library/PrivateFrameworks/DFRFoundation.framework/Versions/A/DFRFoundation
0x0000000025fa1000 	/System/Library/Frameworks/Metal.framework/Versions/A/Metal
0x0000000025fa1000 	/System/Library/PrivateFrameworks/DesktopServicesPriv.framework/Versions/A/DesktopServicesPriv
0x0000000025fa1000 	/usr/lib/libenergytrace.dylib
0x0000000025fa1000 	/System/Library/PrivateFrameworks/SkyLight.framework/Versions/A/SkyLight
0x0000000025fa1000 	/System/Library/Frameworks/CoreGraphics.framework/Versions/A/CoreGraphics
0x0000000025fa1000 	/usr/lib/libScreenReader.dylib
0x0000000025fa1000 	/System/Library/Frameworks/Accelerate.framework/Versions/A/Accelerate
0x0000000025fa1000 	/System/Library/Frameworks/IOSurface.framework/Versions/A/IOSurface
0x0000000025fa1000 	/System/Library/Frameworks/AudioToolbox.framework/Versions/A/AudioToolbox
0x0000000025fa1000 	/System/Library/Frameworks/AudioUnit.framework/Versions/A/AudioUnit
0x0000000025fa1000 	/System/Library/PrivateFrameworks/DataDetectorsCore.framework/Versions/A/DataDetectorsCore
0x0000000025fa1000 	/System/Library/Frameworks/Carbon.framework/Versions/A/Frameworks/HIToolbox.framework/Versions/A/HIToolbox
0x0000000025fa1000 	/usr/lib/libicucore.A.dylib
0x0000000025fa1000 	/System/Library/Frameworks/QuartzCore.framework/Versions/A/QuartzCore
0x0000000025fa1000 	/System/Library/Frameworks/Carbon.framework/Versions/A/Frameworks/SpeechRecognition.framework/Versions/A/SpeechRecognition
0x0000000025fa1000 	/usr/lib/libauto.dylib
0x0000000025fa1000 	/usr/lib/libxml2.2.dylib
0x0000000025fa1000 	/System/Library/PrivateFrameworks/CoreUI.framework/Versions/A/CoreUI
0x0000000025fa1000 	/System/Library/Frameworks/CoreAudio.framework/Versions/A/CoreAudio
0x0000000025fa1000 	/System/Library/Frameworks/DiskArbitration.framework/Versions/A/DiskArbitration
0x0000000025fa1000 	/usr/lib/liblangid.dylib
0x0000000025fa1000 	/System/Library/PrivateFrameworks/MultitouchSupport.framework/Versions/A/MultitouchSupport
0x0000000025fa1000 	/System/Library/Frameworks/IOKit.framework/Versions/A/IOKit
0x0000000025fa1000 	/usr/lib/libDiagnosticMessagesClient.dylib
0x0000000025fa1000 	/System/Library/Frameworks/CoreServices.framework/Versions/A/CoreServices
0x0000000025fa1000 	/System/Library/PrivateFrameworks/PerformanceAnalysis.framework/Versions/A/PerformanceAnalysis
0x0000000025fa1000 	/System/Library/Frameworks/OpenGL.framework/Versions/A/OpenGL
0x0000000025fa1000 	/System/Library/Frameworks/ColorSync.framework/Versions/A/ColorSync
0x0000000025fa1000 	/System/Library/Frameworks/CoreImage.framework/Versions/A/CoreImage
0x0000000025fa1000 	/System/Library/Frameworks/CoreText.framework/Versions/A/CoreText
0x0000000025fa1000 	/System/Library/Frameworks/ImageIO.framework/Versions/A/ImageIO
0x0000000025fa1000 	/System/Library/PrivateFrameworks/Backup.framework/Versions/A/Backup
0x0000000025fa1000 	/usr/lib/libarchive.2.dylib
0x0000000025fa1000 	/System/Library/Frameworks/CFNetwork.framework/Versions/A/CFNetwork
0x0000000025fa1000 	/System/Library/Frameworks/SystemConfiguration.framework/Versions/A/SystemConfiguration
0x0000000025fa1000 	/usr/lib/libCRFSuite.dylib
0x0000000025fa1000 	/usr/lib/libc++.1.dylib
0x0000000025fa1000 	/usr/lib/libc++abi.dylib
0x0000000025fa1000 	/usr/lib/system/libcache.dylib
0x0000000025fa1000 	/usr/lib/system/libcommonCrypto.dylib
0x0000000025fa1000 	/usr/lib/system/libcompiler_rt.dylib
0x0000000025fa1000 	/usr/lib/system/libcopyfile.dylib
0x0000000025fa1000 	/usr/lib/system/libcorecrypto.dylib
0x0000000025fa1000 	/usr/lib/system/libdispatch.dylib
0x0000000025fa1000 	/usr/lib/system/libdyld.dylib
0x0000000025fa1000 	/usr/lib/system/libkeymgr.dylib
0x0000000025fa1000 	/usr/lib/system/liblaunch.dylib
0x0000000025fa1000 	/usr/lib/system/libmacho.dylib
0x0000000025fa1000 	/usr/lib/system/libquarantine.dylib
0x0000000025fa1000 	/usr/lib/system/libremovefile.dylib
0x0000000025fa1000 	/usr/lib/system/libsystem_asl.dylib
0x0000000025fa1000 	/usr/lib/system/libsystem_blocks.dylib
0x0000000025fa1000 	/usr/lib/system/libsystem_c.dylib
0x0000000025fa1000 	/usr/lib/system/libsystem_configuration.dylib
0x0000000025fa1000 	/usr/lib/system/libsystem_coreservices.dylib
0x0000000025fa1000 	/usr/lib/system/libsystem_darwin.dylib
0x0000000025fa1000 	/usr/lib/system/libsystem_dnssd.dylib
0x0000000025fa1000 	/usr/lib/system/libsystem_info.dylib
0x0000000025fa1000 	/usr/lib/system/libsystem_m.dylib
0x0000000025fa1000 	/usr/lib/system/libsystem_malloc.dylib
0x0000000025fa1000 	/usr/lib/system/libsystem_network.dylib
0x0000000025fa1000 	/usr/lib/system/libsystem_networkextension.dylib
0x0000000025fa1000 	/usr/lib/system/libsystem_notify.dylib
0x0000000025fa1000 	/usr/lib/system/libsystem_sandbox.dylib
0x0000000025fa1000 	/usr/lib/system/libsystem_secinit.dylib
0x0000000025fa1000 	/usr/lib/system/libsystem_kernel.dylib
0x0000000025fa1000 	/usr/lib/system/libsystem_platform.dylib
0x0000000025fa1000 	/usr/lib/system/libsystem_pthread.dylib
0x0000000025fa1000 	/usr/lib/system/libsystem_symptoms.dylib
0x0000000025fa1000 	/usr/lib/system/libsystem_trace.dylib
0x0000000025fa1000 	/usr/lib/system/libunwind.dylib
0x0000000025fa1000 	/usr/lib/system/libxpc.dylib
0x0000000025fa1000 	/usr/lib/closure/libclosured.dylib
0x0000000025fa1000 	/usr/lib/libbsm.0.dylib
0x0000000025fa1000 	/usr/lib/system/libkxld.dylib
0x0000000025fa1000 	/usr/lib/libOpenScriptingUtil.dylib
0x0000000025fa1000 	/usr/lib/libcoretls.dylib
0x0000000025fa1000 	/usr/lib/libcoretls_cfhelpers.dylib
0x0000000025fa1000 	/usr/lib/libpam.2.dylib
0x0000000025fa1000 	/usr/lib/libsqlite3.dylib
0x0000000025fa1000 	/usr/lib/libxar.1.dylib
0x0000000025fa1000 	/usr/lib/libbz2.1.0.dylib
0x0000000025fa1000 	/usr/lib/liblzma.5.dylib
0x0000000025fa1000 	/usr/lib/libnetwork.dylib
0x0000000025fa1000 	/usr/lib/libapple_nghttp2.dylib
0x0000000025fa1000 	/usr/lib/libpcap.A.dylib
0x0000000025fa1000 	/usr/lib/libboringssl.dylib
0x0000000025fa1000 	/usr/lib/libusrtcp.dylib
0x0000000025fa1000 	/usr/lib/libapple_crypto.dylib
0x0000000025fa1000 	/System/Library/Frameworks/CoreServices.framework/Versions/A/Frameworks/FSEvents.framework/Versions/A/FSEvents
0x0000000025fa1000 	/System/Library/Frameworks/CoreServices.framework/Versions/A/Frameworks/CarbonCore.framework/Versions/A/CarbonCore
0x0000000025fa1000 	/System/Library/Frameworks/CoreServices.framework/Versions/A/Frameworks/Metadata.framework/Versions/A/Metadata
0x0000000025fa1000 	/System/Library/Frameworks/CoreServices.framework/Versions/A/Frameworks/OSServices.framework/Versions/A/OSServices
0x0000000025fa1000 	/System/Library/Frameworks/CoreServices.framework/Versions/A/Frameworks/SearchKit.framework/Versions/A/SearchKit
0x0000000025fa1000 	/System/Library/Frameworks/CoreServices.framework/Versions/A/Frameworks/AE.framework/Versions/A/AE
0x0000000025fa1000 	/System/Library/Frameworks/CoreServices.framework/Versions/A/Frameworks/LaunchServices.framework/Versions/A/LaunchServices
0x0000000025fa1000 	/System/Library/Frameworks/CoreServices.framework/Versions/A/Frameworks/DictionaryServices.framework/Versions/A/DictionaryServices
0x0000000025fa1000 	/System/Library/Frameworks/CoreServices.framework/Versions/A/Frameworks/SharedFileList.framework/Versions/A/SharedFileList
0x0000000025fa1000 	/System/Library/Frameworks/NetFS.framework/Versions/A/NetFS
0x0000000025fa1000 	/System/Library/PrivateFrameworks/NetAuth.framework/Versions/A/NetAuth
0x0000000025fa1000 	/System/Library/PrivateFrameworks/login.framework/Versions/A/Frameworks/loginsupport.framework/Versions/A/loginsupport
0x0000000025fa1000 	/System/Library/PrivateFrameworks/TCC.framework/Versions/A/TCC
0x0000000025fa1000 	/usr/lib/libmecabra.dylib
0x0000000025fa1000 	/System/Library/Frameworks/ApplicationServices.framework/Versions/A/Frameworks/ATS.framework/Versions/A/ATS
0x0000000025fa1000 	/System/Library/Frameworks/ApplicationServices.framework/Versions/A/Frameworks/ColorSyncLegacy.framework/Versions/A/ColorSyncLegacy
0x0000000025fa1000 	/System/Library/Frameworks/ApplicationServices.framework/Versions/A/Frameworks/HIServices.framework/Versions/A/HIServices
0x0000000025fa1000 	/System/Library/Frameworks/ApplicationServices.framework/Versions/A/Frameworks/LangAnalysis.framework/Versions/A/LangAnalysis
0x0000000025fa1000 	/System/Library/Frameworks/ApplicationServices.framework/Versions/A/Frameworks/PrintCore.framework/Versions/A/PrintCore
0x0000000025fa1000 	/System/Library/Frameworks/ApplicationServices.framework/Versions/A/Frameworks/QD.framework/Versions/A/QD
0x0000000025fa1000 	/System/Library/Frameworks/ApplicationServices.framework/Versions/A/Frameworks/SpeechSynthesis.framework/Versions/A/SpeechSynthesis
0x0000000025fa1000 	/System/Library/Frameworks/CoreDisplay.framework/Versions/A/CoreDisplay
0x0000000025fa1000 	/System/Library/Frameworks/Accelerate.framework/Versions/A/Frameworks/vImage.framework/Versions/A/vImage
0x0000000025fa1000 	/System/Library/Frameworks/Accelerate.framework/Versions/A/Frameworks/vecLib.framework/Versions/A/vecLib
0x0000000025fa1000 	/System/Library/Frameworks/Accelerate.framework/Versions/A/Frameworks/vecLib.framework/Versions/A/libvDSP.dylib
0x0000000025fa1000 	/System/Library/Frameworks/Accelerate.framework/Versions/A/Frameworks/vecLib.framework/Versions/A/libBNNS.dylib
0x0000000025fa1000 	/System/Library/Frameworks/Accelerate.framework/Versions/A/Frameworks/vecLib.framework/Versions/A/libQuadrature.dylib
0x0000000025fa1000 	/System/Library/Frameworks/Accelerate.framework/Versions/A/Frameworks/vecLib.framework/Versions/A/libvMisc.dylib
0x0000000025fa1000 	/System/Library/Frameworks/Accelerate.framework/Versions/A/Frameworks/vecLib.framework/Versions/A/libLAPACK.dylib
0x0000000025fa1000 	/System/Library/Frameworks/Accelerate.framework/Versions/A/Frameworks/vecLib.framework/Versions/A/libBLAS.dylib
0x0000000025fa1000 	/System/Library/Frameworks/Accelerate.framework/Versions/A/Frameworks/vecLib.framework/Versions/A/libLinearAlgebra.dylib
0x0000000025fa1000 	/System/Library/Frameworks/Accelerate.framework/Versions/A/Frameworks/vecLib.framework/Versions/A/libSparse.dylib
0x0000000025fa1000 	/System/Library/Frameworks/Accelerate.framework/Versions/A/Frameworks/vecLib.framework/Versions/A/libSparseBLAS.dylib
0x0000000025fa1000 	/System/Library/PrivateFrameworks/IOAccelerator.framework/Versions/A/IOAccelerator
0x0000000025fa1000 	/System/Library/PrivateFrameworks/IOPresentment.framework/Versions/A/IOPresentment
0x0000000025fa1000 	/System/Library/PrivateFrameworks/DSExternalDisplay.framework/Versions/A/DSExternalDisplay
0x0000000025fa1000 	/System/Library/Frameworks/OpenGL.framework/Versions/A/Libraries/libCoreFSCache.dylib
0x0000000025fa1000 	/System/Library/Frameworks/CoreVideo.framework/Versions/A/CoreVideo
0x0000000025fa1000 	/System/Library/PrivateFrameworks/GraphVisualizer.framework/Versions/A/GraphVisualizer
0x0000000025fa1000 	/System/Library/Frameworks/MetalPerformanceShaders.framework/Versions/A/MetalPerformanceShaders
0x0000000025fa1000 	/usr/lib/libFosl_dynamic.dylib
0x0000000025fa1000 	/System/Library/PrivateFrameworks/FaceCore.framework/Versions/A/FaceCore
0x0000000025fa1000 	/System/Library/Frameworks/OpenCL.framework/Versions/A/OpenCL
0x0000000025fa1000 	/usr/lib/libcompression.dylib
0x0000000025fa1000 	/System/Library/Frameworks/ApplicationServices.framework/Versions/A/Frameworks/ATS.framework/Versions/A/Resources/libFontParser.dylib
0x0000000025fa1000 	/System/Library/Frameworks/ApplicationServices.framework/Versions/A/Frameworks/ATS.framework/Versions/A/Resources/libFontRegistry.dylib
0x0000000025fa1000 	/System/Library/Frameworks/ImageIO.framework/Versions/A/Resources/libJPEG.dylib
0x0000000025fa1000 	/System/Library/Frameworks/ImageIO.framework/Versions/A/Resources/libTIFF.dylib
0x0000000025fa1000 	/System/Library/Frameworks/ImageIO.framework/Versions/A/Resources/libPng.dylib
0x0000000025fa1000 	/System/Library/Frameworks/ImageIO.framework/Versions/A/Resources/libGIF.dylib
0x0000000025fa1000 	/System/Library/Frameworks/ImageIO.framework/Versions/A/Resources/libJP2.dylib
0x0000000025fa1000 	/System/Library/Frameworks/ImageIO.framework/Versions/A/Resources/libRadiance.dylib
0x0000000025fa1000 	/System/Library/PrivateFrameworks/AppleJPEG.framework/Versions/A/AppleJPEG
0x0000000025fa1000 	/System/Library/PrivateFrameworks/MetalTools.framework/Versions/A/MetalTools
0x0000000025fa1000 	/System/Library/Frameworks/MetalPerformanceShaders.framework/Frameworks/MPSCore.framework/Versions/A/MPSCore
0x0000000025fa1000 	/System/Library/Frameworks/MetalPerformanceShaders.framework/Frameworks/MPSImage.framework/Versions/A/MPSImage
0x0000000025fa1000 	/System/Library/Frameworks/MetalPerformanceShaders.framework/Frameworks/MPSMatrix.framework/Versions/A/MPSMatrix
0x0000000025fa1000 	/System/Library/Frameworks/MetalPerformanceShaders.framework/Frameworks/MPSNeuralNetwork.framework/Versions/A/MPSNeuralNetwork
0x0000000025fa1000 	/System/Library/Frameworks/OpenGL.framework/Versions/A/Libraries/libGLU.dylib
0x0000000025fa1000 	/System/Library/Frameworks/OpenGL.framework/Versions/A/Libraries/libGFXShared.dylib
0x0000000025fa1000 	/System/Library/Frameworks/OpenGL.framework/Versions/A/Libraries/libGL.dylib
0x0000000025fa1000 	/System/Library/Frameworks/OpenGL.framework/Versions/A/Libraries/libGLImage.dylib
0x0000000025fa1000 	/System/Library/Frameworks/OpenGL.framework/Versions/A/Libraries/libCVMSPluginSupport.dylib
0x0000000025fa1000 	/System/Library/Frameworks/OpenGL.framework/Versions/A/Libraries/libCoreVMClient.dylib
0x0000000025fa1000 	/usr/lib/libcups.2.dylib
0x0000000025fa1000 	/System/Library/Frameworks/Kerberos.framework/Versions/A/Kerberos
0x0000000025fa1000 	/System/Library/Frameworks/GSS.framework/Versions/A/GSS
0x0000000025fa1000 	/usr/lib/libresolv.9.dylib
0x0000000025fa1000 	/usr/lib/libiconv.2.dylib
0x0000000025fa1000 	/System/Library/PrivateFrameworks/Heimdal.framework/Versions/A/Heimdal
0x0000000025fa1000 	/usr/lib/libheimdal-asn1.dylib
0x0000000025fa1000 	/System/Library/Frameworks/OpenDirectory.framework/Versions/A/OpenDirectory
0x0000000025fa1000 	/System/Library/PrivateFrameworks/CommonAuth.framework/Versions/A/CommonAuth
0x0000000025fa1000 	/System/Library/Frameworks/OpenDirectory.framework/Versions/A/Frameworks/CFOpenDirectory.framework/Versions/A/CFOpenDirectory
0x0000000025fa1000 	/System/Library/Frameworks/SecurityFoundation.framework/Versions/A/SecurityFoundation
0x0000000025fa1000 	/System/Library/PrivateFrameworks/APFS.framework/Versions/A/APFS
0x0000000025fa1000 	/usr/lib/libutil.dylib
0x0000000025fa1000 	/System/Library/PrivateFrameworks/AppleSauce.framework/Versions/A/AppleSauce
0x0000000025fa1000 	/System/Library/PrivateFrameworks/LinguisticData.framework/Versions/A/LinguisticData
0x0000000025fa1000 	/usr/lib/libmarisa.dylib
0x0000000025fa1000 	/System/Library/PrivateFrameworks/Lexicon.framework/Versions/A/Lexicon
0x0000000025fa1000 	/usr/lib/libChineseTokenizer.dylib
0x0000000025fa1000 	/usr/lib/libcmph.dylib
0x0000000025fa1000 	/System/Library/PrivateFrameworks/LanguageModeling.framework/Versions/A/LanguageModeling
0x0000000025fa1000 	/System/Library/PrivateFrameworks/CoreEmoji.framework/Versions/A/CoreEmoji
0x0000000025fa1000 	/System/Library/Frameworks/ServiceManagement.framework/Versions/A/ServiceManagement
0x0000000025fa1000 	/System/Library/PrivateFrameworks/BackgroundTaskManagement.framework/Versions/A/BackgroundTaskManagement
0x0000000025fa1000 	/usr/lib/libxslt.1.dylib
0x0000000025fa1000 	/System/Library/Frameworks/Carbon.framework/Versions/A/Frameworks/Ink.framework/Versions/A/Ink
0x0000000025fa1000 	/System/Library/PrivateFrameworks/TextureIO.framework/Versions/A/TextureIO
0x0000000025fa1000 	/usr/lib/libate.dylib
0x0000000025fa1000 	/System/Library/PrivateFrameworks/CrashReporterSupport.framework/Versions/A/CrashReporterSupport
0x0000000025fa1000 	/System/Library/PrivateFrameworks/Sharing.framework/Versions/A/Sharing
0x0000000025fa1000 	/System/Library/PrivateFrameworks/IconServices.framework/Versions/A/IconServices
0x0000000025fa1000 	/System/Library/PrivateFrameworks/ProtocolBuffer.framework/Versions/A/ProtocolBuffer
0x0000000025fa1000 	/System/Library/PrivateFrameworks/Apple80211.framework/Versions/A/Apple80211
0x0000000025fa1000 	/System/Library/Frameworks/CoreWLAN.framework/Versions/A/CoreWLAN
0x0000000025fa1000 	/System/Library/PrivateFrameworks/CoreUtils.framework/Versions/A/CoreUtils
0x0000000025fa1000 	/System/Library/Frameworks/IOBluetooth.framework/Versions/A/IOBluetooth
0x0000000025fa1000 	/System/Library/PrivateFrameworks/CoreWiFi.framework/Versions/A/CoreWiFi
0x0000000025fa1000 	/System/Library/Frameworks/CoreBluetooth.framework/Versions/A/CoreBluetooth
0x0000000025fa1000 	/System/Library/PrivateFrameworks/SignpostNotification.framework/Versions/A/SignpostNotification
0x0000000025fa1000 	/System/Library/PrivateFrameworks/DebugSymbols.framework/Versions/A/DebugSymbols
0x0000000025fa1000 	/System/Library/PrivateFrameworks/CoreSymbolication.framework/Versions/A/CoreSymbolication
0x0000000025fa1000 	/System/Library/PrivateFrameworks/Symbolication.framework/Versions/A/Symbolication
0x0000000025fa1000 	/System/Library/PrivateFrameworks/AppleFSCompression.framework/Versions/A/AppleFSCompression
0x0000000025fa1000 	/System/Library/PrivateFrameworks/SpeechRecognitionCore.framework/Versions/A/SpeechRecognitionCore
0x0000000109c00000 	/Library/Java/JavaVirtualMachines/jdk1.8.0_77.jdk/Contents/Home/jre/lib/server/libjvm.dylib
0x0000000025fa1000 	/usr/lib/libstdc++.6.0.9.dylib
0x000000010ab8f000 	/Library/Java/JavaVirtualMachines/jdk1.8.0_77.jdk/Contents/Home/jre/lib/libverify.dylib
0x000000010ab9d000 	/Library/Java/JavaVirtualMachines/jdk1.8.0_77.jdk/Contents/Home/jre/lib/libjava.dylib
0x000000010abd3000 	/Library/Java/JavaVirtualMachines/jdk1.8.0_77.jdk/Contents/Home/jre/lib/libjdwp.dylib
0x000000010ac1e000 	/Library/Java/JavaVirtualMachines/jdk1.8.0_77.jdk/Contents/Home/jre/lib/libnpt.dylib
0x000000010ac6b000 	/Library/Java/JavaVirtualMachines/jdk1.8.0_77.jdk/Contents/Home/jre/lib/libzip.dylib
0x0000000025fa1000 	/System/Library/Frameworks/JavaVM.framework/Versions/A/Frameworks/JavaRuntimeSupport.framework/Versions/A/JavaRuntimeSupport
0x0000000025fa1000 	/System/Library/Frameworks/JavaVM.framework/Versions/A/Frameworks/JavaNativeFoundation.framework/Versions/A/JavaNativeFoundation
0x0000000025fa1000 	/System/Library/Frameworks/JavaVM.framework/Versions/A/JavaVM
0x0000000025fa1000 	/System/Library/Frameworks/Carbon.framework/Versions/A/Carbon
0x0000000025fa1000 	/System/Library/PrivateFrameworks/JavaLaunching.framework/Versions/A/JavaLaunching
0x0000000025fa1000 	/System/Library/Frameworks/Carbon.framework/Versions/A/Frameworks/CommonPanels.framework/Versions/A/CommonPanels
0x0000000025fa1000 	/System/Library/Frameworks/Carbon.framework/Versions/A/Frameworks/Help.framework/Versions/A/Help
0x0000000025fa1000 	/System/Library/Frameworks/Carbon.framework/Versions/A/Frameworks/ImageCapture.framework/Versions/A/ImageCapture
0x0000000025fa1000 	/System/Library/Frameworks/Carbon.framework/Versions/A/Frameworks/OpenScripting.framework/Versions/A/OpenScripting
0x0000000025fa1000 	/System/Library/Frameworks/Carbon.framework/Versions/A/Frameworks/Print.framework/Versions/A/Print
0x0000000025fa1000 	/System/Library/Frameworks/Carbon.framework/Versions/A/Frameworks/SecurityHI.framework/Versions/A/SecurityHI
0x00000001106f4000 	/Library/Java/JavaVirtualMachines/jdk1.8.0_77.jdk/Contents/Home/jre/lib/libdt_socket.dylib

VM Arguments:
jvm_args: -agentlib:jdwp=transport=dt_socket,suspend=y,address=localhost:64404 -Dfile.encoding=UTF-8 
java_command: string
java_class_path (initial): /Users/vijay-6607/DataStructures/Algorithms/bin
Launcher Type: SUN_STANDARD

Environment Variables:
PATH=/Library/Frameworks/Python.framework/Versions/3.7/bin:/Library/Frameworks/Python.framework/Versions/2.7/bin:/usr/local/bin:/usr/bin:/bin:/usr/sbin:/sbin:/opt/X11/bin:/Library/Frameworks/Mono.framework/Versions/Current/Commands:/vijay-6607/mongodbproject//bin
SHELL=/bin/bash
DISPLAY=/private/tmp/com.apple.launchd.xgLhbupNJt/org.macosforge.xquartz:0

Signal Handlers:
SIGSEGV: [libjvm.dylib+0x5a6855], sa_mask[0]=11111111011111110111111111111111, sa_flags=SA_ONSTACK|SA_RESTART|SA_SIGINFO
SIGBUS: [libjvm.dylib+0x5a6855], sa_mask[0]=11111111011111110111111111111111, sa_flags=SA_RESTART|SA_SIGINFO
SIGFPE: [libjvm.dylib+0x4804ec], sa_mask[0]=11111111011111110111111111111111, sa_flags=SA_RESTART|SA_SIGINFO
SIGPIPE: [libjvm.dylib+0x4804ec], sa_mask[0]=11111111011111110111111111111111, sa_flags=SA_RESTART|SA_SIGINFO
SIGXFSZ: [libjvm.dylib+0x4804ec], sa_mask[0]=11111111011111110111111111111111, sa_flags=SA_RESTART|SA_SIGINFO
SIGILL: [libjvm.dylib+0x4804ec], sa_mask[0]=11111111011111110111111111111111, sa_flags=SA_RESTART|SA_SIGINFO
SIGUSR1: SIG_DFL, sa_mask[0]=11011111011111100000000111000110, sa_flags=none
SIGUSR2: [libjvm.dylib+0x48000a], sa_mask[0]=00100000000000000000000000000000, sa_flags=SA_RESTART|SA_SIGINFO
SIGHUP: [libjvm.dylib+0x47e5e1], sa_mask[0]=11111111011111110111111111111111, sa_flags=SA_RESTART|SA_SIGINFO
SIGINT: [libjvm.dylib+0x47e5e1], sa_mask[0]=11111111011111110111111111111111, sa_flags=SA_RESTART|SA_SIGINFO
SIGTERM: [libjvm.dylib+0x47e5e1], sa_mask[0]=11111111011111110111111111111111, sa_flags=SA_RESTART|SA_SIGINFO
SIGQUIT: [libjvm.dylib+0x47e5e1], sa_mask[0]=11111111011111110111111111111111, sa_flags=SA_RESTART|SA_SIGINFO


---------------  S Y S T E M  ---------------

OS:Bsduname:Darwin 17.4.0 Darwin Kernel Version 17.4.0: Sun Dec 17 09:19:54 PST 2017; root:xnu-4570.41.2~1/RELEASE_X86_64 x86_64
rlimit: STACK 8192k, CORE 0k, NPROC 1418, NOFILE 10240, AS infinity
load average:2.94 2.79 2.75

CPU:total 8 (4 cores per cpu, 2 threads per core) family 6 model 158 stepping 9, cmov, cx8, fxsr, mmx, sse, sse2, sse3, ssse3, sse4.1, sse4.2, popcnt, avx, avx2, aes, clmul, erms, rtm, 3dnowpref, lzcnt, ht, tsc, tscinvbit, bmi1, bmi2, adx

Memory: 4k page, physical 16777216k(98320k free)

/proc/meminfo:


vm_info: Java HotSpot(TM) 64-Bit Server VM (25.77-b03) for bsd-amd64 JRE (1.8.0_77-b03), built on Mar 20 2016 22:14:03 by "java_re" with gcc 4.2.1 (Based on Apple Inc. build 5658) (LLVM build 2336.11.00)

time: Fri Apr 24 06:59:11 2020
elapsed time: 40569 seconds (0d 11h 16m 9s)

